# JRE version: OpenJDK Runtime Environment Temurin-21.0.8+9 (21.0.8+9) (build 21.0.8+9-LTS)
# Java VM: OpenJDK 64-Bit Server VM Temurin-21.0.8+9 (21.0.8+9-LTS, mixed mode, sharing, tiered, compressed oops, compressed class ptrs, parallel gc, windows-amd64)
GC Precious Log:
 CardTable entry size: 512
 CPUs: 8 total, 8 available
 Memory: 16243M
 Large Page Support: Disabled
 NUMA Support: Disabled
 Compressed Oops: Enabled (32-bit)
 Alignments: Space 512K, Generation 512K, Heap 2M
 Heap Min Capacity: 100M
 Heap Initial Capacity: 100M
 Heap Max Capacity: 2G
 Pre-touch: Disabled
 Parallel Workers: 8
Heap:
 PSYoungGen      total 8704K, used 4237K [0x00000000d5580000, 0x00000000d6100000, 0x0000000100000000)
  eden space 7680K, 42% used [0x00000000d5580000,0x00000000d58ab7b0,0x00000000d5d00000)
  from space 1024K, 96% used [0x00000000d5d00000,0x00000000d5df8000,0x00000000d5e00000)
  to   space 1536K, 0% used [0x00000000d5f80000,0x00000000d5f80000,0x00000000d6100000)
 ParOldGen       total 912896K, used 912727K [0x0000000080000000, 0x00000000b7b80000, 0x00000000d5580000)
  object space 912896K, 99% used [0x0000000080000000,0x00000000b7b55d48,0x00000000b7b80000)
 Metaspace       used 100490K, committed 102272K, reserved 1179648K
  class space    used 10000K, committed 10944K, reserved 1048576K
GC Heap History (20 events):
Event: 3796.906 GC heap before
{Heap before GC invocations=7519 (full 11):
 PSYoungGen      total 6656K, used 6336K [0x00000000d5580000, 0x00000000d5d00000, 0x0000000100000000)
  eden space 5632K, 100% used [0x00000000d5580000,0x00000000d5b00000,0x00000000d5b00000)
  from space 1024K, 68% used [0x00000000d5b00000,0x00000000d5bb0000,0x00000000d5c00000)
  to   space 1024K, 0% used [0x00000000d5c00000,0x00000000d5c00000,0x00000000d5d00000)
 ParOldGen       total 900096K, used 899784K [0x0000000080000000, 0x00000000b6f00000, 0x00000000d5580000)
  object space 900096K, 99% used [0x0000000080000000,0x00000000b6eb22d8,0x00000000b6f00000)
 Metaspace       used 100488K, committed 102272K, reserved 1179648K
  class space    used 10000K, committed 10944K, reserved 1048576K
}
Event: 3796.909 GC heap after
{Heap after GC invocations=7519 (full 11):
 PSYoungGen      total 6656K, used 660K [0x00000000d5580000, 0x00000000d5d00000, 0x0000000100000000)
  eden space 5632K, 0% used [0x00000000d5580000,0x00000000d5580000,0x00000000d5b00000)
  from space 1024K, 64% used [0x00000000d5c00000,0x00000000d5ca5200,0x00000000d5d00000)
  to   space 1024K, 0% used [0x00000000d5b00000,0x00000000d5b00000,0x00000000d5c00000)
 ParOldGen       total 900608K, used 900412K [0x0000000080000000, 0x00000000b6f80000, 0x00000000d5580000)
  object space 900608K, 99% used [0x0000000080000000,0x00000000b6f4f348,0x00000000b6f80000)
 Metaspace       used 100488K, committed 102272K, reserved 1179648K
  class space    used 10000K, committed 10944K, reserved 1048576K
}
Event: 3796.918 GC heap before
{Heap before GC invocations=7520 (full 11):
 PSYoungGen      total 6656K, used 6292K [0x00000000d5580000, 0x00000000d5d00000, 0x0000000100000000)
  eden space 5632K, 100% used [0x00000000d5580000,0x00000000d5b00000,0x00000000d5b00000)
  from space 1024K, 64% used [0x00000000d5c00000,0x00000000d5ca5200,0x00000000d5d00000)
  to   space 1024K, 0% used [0x00000000d5b00000,0x00000000d5b00000,0x00000000d5c00000)
 ParOldGen       total 900608K, used 900412K [0x0000000080000000, 0x00000000b6f80000, 0x00000000d5580000)
  object space 900608K, 99% used [0x0000000080000000,0x00000000b6f4f348,0x00000000b6f80000)
 Metaspace       used 100488K, committed 102272K, reserved 1179648K
  class space    used 10000K, committed 10944K, reserved 1048576K
}
Event: 3796.920 GC heap after
{Heap after GC invocations=7520 (full 11):
 PSYoungGen      total 6656K, used 672K [0x00000000d5580000, 0x00000000d5d00000, 0x0000000100000000)
  eden space 5632K, 0% used [0x00000000d5580000,0x00000000d5580000,0x00000000d5b00000)
  from space 1024K, 65% used [0x00000000d5b00000,0x00000000d5ba8000,0x00000000d5c00000)
  to   space 1024K, 0% used [0x00000000d5c00000,0x00000000d5c00000,0x00000000d5d00000)
 ParOldGen       total 901120K, used 900937K [0x0000000080000000, 0x00000000b7000000, 0x00000000d5580000)
  object space 901120K, 99% used [0x0000000080000000,0x00000000b6fd2548,0x00000000b7000000)
 Metaspace       used 100488K, committed 102272K, reserved 1179648K
  class space    used 10000K, committed 10944K, reserved 1048576K
}
Event: 3797.418 GC heap before
{Heap before GC invocations=7521 (full 11):
 PSYoungGen      total 6656K, used 6304K [0x00000000d5580000, 0x00000000d5d00000, 0x0000000100000000)
  eden space 5632K, 100% used [0x00000000d5580000,0x00000000d5b00000,0x00000000d5b00000)
  from space 1024K, 65% used [0x00000000d5b00000,0x00000000d5ba8000,0x00000000d5c00000)
  to   space 1024K, 0% used [0x00000000d5c00000,0x00000000d5c00000,0x00000000d5d00000)
 ParOldGen       total 901120K, used 900937K [0x0000000080000000, 0x00000000b7000000, 0x00000000d5580000)
  object space 901120K, 99% used [0x0000000080000000,0x00000000b6fd2548,0x00000000b7000000)
 Metaspace       used 100488K, committed 102272K, reserved 1179648K
  class space    used 10000K, committed 10944K, reserved 1048576K
}
Event: 3797.421 GC heap after
{Heap after GC invocations=7521 (full 11):
 PSYoungGen      total 6656K, used 762K [0x00000000d5580000, 0x00000000d5d00000, 0x0000000100000000)
  eden space 5632K, 0% used [0x00000000d5580000,0x00000000d5580000,0x00000000d5b00000)
  from space 1024K, 74% used [0x00000000d5c00000,0x00000000d5cbe900,0x00000000d5d00000)
  to   space 1024K, 0% used [0x00000000d5b00000,0x00000000d5b00000,0x00000000d5c00000)
 ParOldGen       total 901632K, used 901509K [0x0000000080000000, 0x00000000b7080000, 0x00000000d5580000)
  object space 901632K, 99% used [0x0000000080000000,0x00000000b70615b8,0x00000000b7080000)
 Metaspace       used 100488K, committed 102272K, reserved 1179648K
  class space    used 10000K, committed 10944K, reserved 1048576K
}
Event: 3797.432 GC heap before
{Heap before GC invocations=7522 (full 11):
 PSYoungGen      total 6656K, used 6394K [0x00000000d5580000, 0x00000000d5d00000, 0x0000000100000000)
  eden space 5632K, 100% used [0x00000000d5580000,0x00000000d5b00000,0x00000000d5b00000)
  from space 1024K, 74% used [0x00000000d5c00000,0x00000000d5cbe900,0x00000000d5d00000)
  to   space 1024K, 0% used [0x00000000d5b00000,0x00000000d5b00000,0x00000000d5c00000)
 ParOldGen       total 901632K, used 901509K [0x0000000080000000, 0x00000000b7080000, 0x00000000d5580000)
  object space 901632K, 99% used [0x0000000080000000,0x00000000b70615b8,0x00000000b7080000)
 Metaspace       used 100488K, committed 102272K, reserved 1179648K
  class space    used 10000K, committed 10944K, reserved 1048576K
}
Event: 3797.434 GC heap after
{Heap after GC invocations=7522 (full 11):
 PSYoungGen      total 6656K, used 640K [0x00000000d5580000, 0x00000000d5d00000, 0x0000000100000000)
  eden space 5632K, 0% used [0x00000000d5580000,0x00000000d5580000,0x00000000d5b00000)
  from space 1024K, 62% used [0x00000000d5b00000,0x00000000d5ba0000,0x00000000d5c00000)
  to   space 1024K, 0% used [0x00000000d5c00000,0x00000000d5c00000,0x00000000d5d00000)
 ParOldGen       total 902144K, used 902109K [0x0000000080000000, 0x00000000b7100000, 0x00000000d5580000)
  object space 902144K, 99% used [0x0000000080000000,0x00000000b70f77d8,0x00000000b7100000)
 Metaspace       used 100488K, committed 102272K, reserved 1179648K
  class space    used 10000K, committed 10944K, reserved 1048576K
}
Event: 3797.449 GC heap before
{Heap before GC invocations=7523 (full 11):
 PSYoungGen      total 6656K, used 6272K [0x00000000d5580000, 0x00000000d5d00000, 0x0000000100000000)
  eden space 5632K, 100% used [0x00000000d5580000,0x00000000d5b00000,0x00000000d5b00000)
  from space 1024K, 62% used [0x00000000d5b00000,0x00000000d5ba0000,0x00000000d5c00000)
  to   space 1024K, 0% used [0x00000000d5c00000,0x00000000d5c00000,0x00000000d5d00000)
 ParOldGen       total 902144K, used 902109K [0x0000000080000000, 0x00000000b7100000, 0x00000000d5580000)
  object space 902144K, 99% used [0x0000000080000000,0x00000000b70f77d8,0x00000000b7100000)
 Metaspace       used 100488K, committed 102272K, reserved 1179648K
  class space    used 10000K, committed 10944K, reserved 1048576K
}
Event: 3797.453 GC heap after
{Heap after GC invocations=7523 (full 11):
 PSYoungGen      total 5120K, used 1019K [0x00000000d5580000, 0x00000000d6000000, 0x0000000100000000)
  eden space 4096K, 0% used [0x00000000d5580000,0x00000000d5580000,0x00000000d5980000)
  from space 1024K, 99% used [0x00000000d5c00000,0x00000000d5cfeda8,0x00000000d5d00000)
  to   space 2560K, 0% used [0x00000000d5980000,0x00000000d5980000,0x00000000d5c00000)
 ParOldGen       total 903168K, used 903067K [0x0000000080000000, 0x00000000b7200000, 0x00000000d5580000)
  object space 903168K, 99% used [0x0000000080000000,0x00000000b71e6cb0,0x00000000b7200000)
 Metaspace       used 100488K, committed 102272K, reserved 1179648K
  class space    used 10000K, committed 10944K, reserved 1048576K
}
Event: 3797.467 GC heap before
{Heap before GC invocations=7524 (full 11):
 PSYoungGen      total 5120K, used 5115K [0x00000000d5580000, 0x00000000d6000000, 0x0000000100000000)
  eden space 4096K, 100% used [0x00000000d5580000,0x00000000d5980000,0x00000000d5980000)
  from space 1024K, 99% used [0x00000000d5c00000,0x00000000d5cfeda8,0x00000000d5d00000)
  to   space 2560K, 0% used [0x00000000d5980000,0x00000000d5980000,0x00000000d5c00000)
 ParOldGen       total 903168K, used 903067K [0x0000000080000000, 0x00000000b7200000, 0x00000000d5580000)
  object space 903168K, 99% used [0x0000000080000000,0x00000000b71e6cb0,0x00000000b7200000)
 Metaspace       used 100488K, committed 102272K, reserved 1179648K
  class space    used 10000K, committed 10944K, reserved 1048576K
}
Event: 3797.473 GC heap after
{Heap after GC invocations=7524 (full 11):
 PSYoungGen      total 6656K, used 2560K [0x00000000d5580000, 0x00000000d6580000, 0x0000000100000000)
  eden space 4096K, 0% used [0x00000000d5580000,0x00000000d5580000,0x00000000d5980000)
  from space 2560K, 100% used [0x00000000d5980000,0x00000000d5c00000,0x00000000d5c00000)
  to   space 6144K, 0% used [0x00000000d5f80000,0x00000000d5f80000,0x00000000d6580000)
 ParOldGen       total 905728K, used 905638K [0x0000000080000000, 0x00000000b7480000, 0x00000000d5580000)
  object space 905728K, 99% used [0x0000000080000000,0x00000000b7469af8,0x00000000b7480000)
 Metaspace       used 100488K, committed 102272K, reserved 1179648K
  class space    used 10000K, committed 10944K, reserved 1048576K
}
Event: 3797.484 GC heap before
{Heap before GC invocations=7525 (full 11):
 PSYoungGen      total 6656K, used 6656K [0x00000000d5580000, 0x00000000d6580000, 0x0000000100000000)
  eden space 4096K, 100% used [0x00000000d5580000,0x00000000d5980000,0x00000000d5980000)
  from space 2560K, 100% used [0x00000000d5980000,0x00000000d5c00000,0x00000000d5c00000)
  to   space 6144K, 0% used [0x00000000d5f80000,0x00000000d5f80000,0x00000000d6580000)
 ParOldGen       total 905728K, used 905638K [0x0000000080000000, 0x00000000b7480000, 0x00000000d5580000)
  object space 905728K, 99% used [0x0000000080000000,0x00000000b7469af8,0x00000000b7480000)
 Metaspace       used 100488K, committed 102272K, reserved 1179648K
  class space    used 10000K, committed 10944K, reserved 1048576K
}
Event: 3797.489 GC heap after
{Heap after GC invocations=7525 (full 11):
 PSYoungGen      total 8704K, used 3520K [0x00000000d5580000, 0x00000000d6300000, 0x0000000100000000)
  eden space 5120K, 0% used [0x00000000d5580000,0x00000000d5580000,0x00000000d5a80000)
  from space 3584K, 98% used [0x00000000d5f80000,0x00000000d62f0000,0x00000000d6300000)
  to   space 4096K, 0% used [0x00000000d5b00000,0x00000000d5b00000,0x00000000d5f00000)
 ParOldGen       total 908288K, used 908254K [0x0000000080000000, 0x00000000b7700000, 0x00000000d5580000)
  object space 908288K, 99% used [0x0000000080000000,0x00000000b76f7af8,0x00000000b7700000)
 Metaspace       used 100488K, committed 102272K, reserved 1179648K
  class space    used 10000K, committed 10944K, reserved 1048576K
}
Event: 3797.498 GC heap before
{Heap before GC invocations=7526 (full 11):
 PSYoungGen      total 8704K, used 8640K [0x00000000d5580000, 0x00000000d6300000, 0x0000000100000000)
  eden space 5120K, 100% used [0x00000000d5580000,0x00000000d5a80000,0x00000000d5a80000)
  from space 3584K, 98% used [0x00000000d5f80000,0x00000000d62f0000,0x00000000d6300000)
  to   space 4096K, 0% used [0x00000000d5b00000,0x00000000d5b00000,0x00000000d5f00000)
 ParOldGen       total 908288K, used 908254K [0x0000000080000000, 0x00000000b7700000, 0x00000000d5580000)
  object space 908288K, 99% used [0x0000000080000000,0x00000000b76f7af8,0x00000000b7700000)
 Metaspace       used 100488K, committed 102272K, reserved 1179648K
  class space    used 10000K, committed 10944K, reserved 1048576K
}
Event: 3797.503 GC heap after
{Heap after GC invocations=7526 (full 11):
 PSYoungGen      total 6656K, used 730K [0x00000000d5580000, 0x00000000d6000000, 0x0000000100000000)
  eden space 5632K, 0% used [0x00000000d5580000,0x00000000d5580000,0x00000000d5b00000)
  from space 1024K, 71% used [0x00000000d5b00000,0x00000000d5bb6900,0x00000000d5c00000)
  to   space 2048K, 0% used [0x00000000d5e00000,0x00000000d5e00000,0x00000000d6000000)
 ParOldGen       total 911872K, used 911614K [0x0000000080000000, 0x00000000b7a80000, 0x00000000d5580000)
  object space 911872K, 99% used [0x0000000080000000,0x00000000b7a3faf8,0x00000000b7a80000)
 Metaspace       used 100488K, committed 102272K, reserved 1179648K
  class space    used 10000K, committed 10944K, reserved 1048576K
}
Event: 3797.512 GC heap before
{Heap before GC invocations=7527 (full 11):
 PSYoungGen      total 6656K, used 6362K [0x00000000d5580000, 0x00000000d6000000, 0x0000000100000000)
  eden space 5632K, 100% used [0x00000000d5580000,0x00000000d5b00000,0x00000000d5b00000)
  from space 1024K, 71% used [0x00000000d5b00000,0x00000000d5bb6900,0x00000000d5c00000)
  to   space 2048K, 0% used [0x00000000d5e00000,0x00000000d5e00000,0x00000000d6000000)
 ParOldGen       total 911872K, used 911614K [0x0000000080000000, 0x00000000b7a80000, 0x00000000d5580000)
  object space 911872K, 99% used [0x0000000080000000,0x00000000b7a3faf8,0x00000000b7a80000)
 Metaspace       used 100488K, committed 102272K, reserved 1179648K
  class space    used 10000K, committed 10944K, reserved 1048576K
}
Event: 3797.515 GC heap after
{Heap after GC invocations=7527 (full 11):
 PSYoungGen      total 8192K, used 544K [0x00000000d5580000, 0x00000000d5f00000, 0x0000000100000000)
  eden space 7168K, 0% used [0x00000000d5580000,0x00000000d5580000,0x00000000d5c80000)
  from space 1024K, 53% used [0x00000000d5e00000,0x00000000d5e88000,0x00000000d5f00000)
  to   space 1024K, 0% used [0x00000000d5d00000,0x00000000d5d00000,0x00000000d5e00000)
 ParOldGen       total 912384K, used 912275K [0x0000000080000000, 0x00000000b7b00000, 0x00000000d5580000)
  object space 912384K, 99% used [0x0000000080000000,0x00000000b7ae4d38,0x00000000b7b00000)
 Metaspace       used 100488K, committed 102272K, reserved 1179648K
  class space    used 10000K, committed 10944K, reserved 1048576K
}
Event: 3797.530 GC heap before
{Heap before GC invocations=7528 (full 11):
 PSYoungGen      total 8192K, used 7712K [0x00000000d5580000, 0x00000000d5f00000, 0x0000000100000000)
  eden space 7168K, 100% used [0x00000000d5580000,0x00000000d5c80000,0x00000000d5c80000)
  from space 1024K, 53% used [0x00000000d5e00000,0x00000000d5e88000,0x00000000d5f00000)
  to   space 1024K, 0% used [0x00000000d5d00000,0x00000000d5d00000,0x00000000d5e00000)
 ParOldGen       total 912384K, used 912275K [0x0000000080000000, 0x00000000b7b00000, 0x00000000d5580000)
  object space 912384K, 99% used [0x0000000080000000,0x00000000b7ae4d38,0x00000000b7b00000)
 Metaspace       used 100490K, committed 102272K, reserved 1179648K
  class space    used 10000K, committed 10944K, reserved 1048576K
}
Event: 3797.533 GC heap after
{Heap after GC invocations=7528 (full 11):
 PSYoungGen      total 8704K, used 992K [0x00000000d5580000, 0x00000000d6100000, 0x0000000100000000)
  eden space 7680K, 0% used [0x00000000d5580000,0x00000000d5580000,0x00000000d5d00000)
  from space 1024K, 96% used [0x00000000d5d00000,0x00000000d5df8000,0x00000000d5e00000)
  to   space 1536K, 0% used [0x00000000d5f80000,0x00000000d5f80000,0x00000000d6100000)
 ParOldGen       total 912896K, used 912727K [0x0000000080000000, 0x00000000b7b80000, 0x00000000d5580000)
  object space 912896K, 99% used [0x0000000080000000,0x00000000b7b55d48,0x00000000b7b80000)
 Metaspace       used 100490K, committed 102272K, reserved 1179648K
  class space    used 10000K, committed 10944K, reserved 1048576K
}

