# JRE version: OpenJDK Runtime Environment Temurin-21.0.8+9 (21.0.8+9) (build 21.0.8+9-LTS)
# Java VM: OpenJDK 64-Bit Server VM Temurin-21.0.8+9 (21.0.8+9-LTS, mixed mode, sharing, tiered, compressed oops, compressed class ptrs, parallel gc, windows-amd64)
GC Precious Log:
 CardTable entry size: 512
 CPUs: 8 total, 8 available
 Memory: 16243M
 Large Page Support: Disabled
 NUMA Support: Disabled
 Compressed Oops: Enabled (32-bit)
 Alignments: Space 512K, Generation 512K, Heap 2M
 Heap Min Capacity: 100M
 Heap Initial Capacity: 100M
 Heap Max Capacity: 2G
 Pre-touch: Disabled
 Parallel Workers: 8
Heap:
 PSYoungGen      total 12800K, used 3697K [0x00000000d5580000, 0x00000000d6700000, 0x0000000100000000)
  eden space 12288K, 26% used [0x00000000d5580000,0x00000000d58bc548,0x00000000d6180000)
  from space 512K, 75% used [0x00000000d6180000,0x00000000d61e0040,0x00000000d6200000)
  to   space 2048K, 0% used [0x00000000d6500000,0x00000000d6500000,0x00000000d6700000)
 ParOldGen       total 130560K, used 130068K [0x0000000080000000, 0x0000000087f80000, 0x00000000d5580000)
  object space 130560K, 99% used [0x0000000080000000,0x0000000087f05360,0x0000000087f80000)
 Metaspace       used 73090K, committed 74816K, reserved 1179648K
  class space    used 7805K, committed 8576K, reserved 1048576K
GC Heap History (20 events):
Event: 129.399 GC heap before
{Heap before GC invocations=131 (full 3):
 PSYoungGen      total 17408K, used 17108K [0x00000000d5580000, 0x00000000d6800000, 0x0000000100000000)
  eden space 16384K, 100% used [0x00000000d5580000,0x00000000d6580000,0x00000000d6580000)
  from space 1024K, 70% used [0x00000000d6580000,0x00000000d6635200,0x00000000d6680000)
  to   space 1024K, 0% used [0x00000000d6700000,0x00000000d6700000,0x00000000d6800000)
 ParOldGen       total 117760K, used 117739K [0x0000000080000000, 0x0000000087300000, 0x00000000d5580000)
  object space 117760K, 99% used [0x0000000080000000,0x00000000872fac88,0x0000000087300000)
 Metaspace       used 72892K, committed 74560K, reserved 1179648K
  class space    used 7796K, committed 8576K, reserved 1048576K
}
Event: 129.401 GC heap after
{Heap after GC invocations=131 (full 3):
 PSYoungGen      total 16896K, used 1024K [0x00000000d5580000, 0x00000000d6980000, 0x0000000100000000)
  eden space 15872K, 0% used [0x00000000d5580000,0x00000000d5580000,0x00000000d6500000)
  from space 1024K, 100% used [0x00000000d6700000,0x00000000d6800000,0x00000000d6800000)
  to   space 2048K, 0% used [0x00000000d6500000,0x00000000d6500000,0x00000000d6700000)
 ParOldGen       total 118784K, used 118479K [0x0000000080000000, 0x0000000087400000, 0x00000000d5580000)
  object space 118784K, 99% used [0x0000000080000000,0x00000000873b3e88,0x0000000087400000)
 Metaspace       used 72892K, committed 74560K, reserved 1179648K
  class space    used 7796K, committed 8576K, reserved 1048576K
}
Event: 129.520 GC heap before
{Heap before GC invocations=132 (full 3):
 PSYoungGen      total 16896K, used 16887K [0x00000000d5580000, 0x00000000d6980000, 0x0000000100000000)
  eden space 15872K, 99% used [0x00000000d5580000,0x00000000d64fddc0,0x00000000d6500000)
  from space 1024K, 100% used [0x00000000d6700000,0x00000000d6800000,0x00000000d6800000)
  to   space 2048K, 0% used [0x00000000d6500000,0x00000000d6500000,0x00000000d6700000)
 ParOldGen       total 118784K, used 118479K [0x0000000080000000, 0x0000000087400000, 0x00000000d5580000)
  object space 118784K, 99% used [0x0000000080000000,0x00000000873b3e88,0x0000000087400000)
 Metaspace       used 72902K, committed 74560K, reserved 1179648K
  class space    used 7796K, committed 8576K, reserved 1048576K
}
Event: 129.522 GC heap after
{Heap after GC invocations=132 (full 3):
 PSYoungGen      total 17920K, used 1696K [0x00000000d5580000, 0x00000000d6900000, 0x0000000100000000)
  eden space 15872K, 0% used [0x00000000d5580000,0x00000000d5580000,0x00000000d6500000)
  from space 2048K, 82% used [0x00000000d6500000,0x00000000d66a8000,0x00000000d6700000)
  to   space 2048K, 0% used [0x00000000d6700000,0x00000000d6700000,0x00000000d6900000)
 ParOldGen       total 119808K, used 119391K [0x0000000080000000, 0x0000000087500000, 0x00000000d5580000)
  object space 119808K, 99% used [0x0000000080000000,0x0000000087497ed8,0x0000000087500000)
 Metaspace       used 72902K, committed 74560K, reserved 1179648K
  class space    used 7796K, committed 8576K, reserved 1048576K
}
Event: 129.672 GC heap before
{Heap before GC invocations=133 (full 3):
 PSYoungGen      total 17920K, used 17568K [0x00000000d5580000, 0x00000000d6900000, 0x0000000100000000)
  eden space 15872K, 100% used [0x00000000d5580000,0x00000000d6500000,0x00000000d6500000)
  from space 2048K, 82% used [0x00000000d6500000,0x00000000d66a8000,0x00000000d6700000)
  to   space 2048K, 0% used [0x00000000d6700000,0x00000000d6700000,0x00000000d6900000)
 ParOldGen       total 119808K, used 119391K [0x0000000080000000, 0x0000000087500000, 0x00000000d5580000)
  object space 119808K, 99% used [0x0000000080000000,0x0000000087497ed8,0x0000000087500000)
 Metaspace       used 72910K, committed 74560K, reserved 1179648K
  class space    used 7796K, committed 8576K, reserved 1048576K
}
Event: 129.675 GC heap after
{Heap after GC invocations=133 (full 3):
 PSYoungGen      total 17920K, used 1728K [0x00000000d5580000, 0x00000000d6900000, 0x0000000100000000)
  eden space 15872K, 0% used [0x00000000d5580000,0x00000000d5580000,0x00000000d6500000)
  from space 2048K, 84% used [0x00000000d6700000,0x00000000d68b0000,0x00000000d6900000)
  to   space 2048K, 0% used [0x00000000d6500000,0x00000000d6500000,0x00000000d6700000)
 ParOldGen       total 121344K, used 120983K [0x0000000080000000, 0x0000000087680000, 0x00000000d5580000)
  object space 121344K, 99% used [0x0000000080000000,0x0000000087625ed8,0x0000000087680000)
 Metaspace       used 72910K, committed 74560K, reserved 1179648K
  class space    used 7796K, committed 8576K, reserved 1048576K
}
Event: 129.827 GC heap before
{Heap before GC invocations=134 (full 3):
 PSYoungGen      total 17920K, used 17600K [0x00000000d5580000, 0x00000000d6900000, 0x0000000100000000)
  eden space 15872K, 100% used [0x00000000d5580000,0x00000000d6500000,0x00000000d6500000)
  from space 2048K, 84% used [0x00000000d6700000,0x00000000d68b0000,0x00000000d6900000)
  to   space 2048K, 0% used [0x00000000d6500000,0x00000000d6500000,0x00000000d6700000)
 ParOldGen       total 121344K, used 120983K [0x0000000080000000, 0x0000000087680000, 0x00000000d5580000)
  object space 121344K, 99% used [0x0000000080000000,0x0000000087625ed8,0x0000000087680000)
 Metaspace       used 72918K, committed 74560K, reserved 1179648K
  class space    used 7796K, committed 8576K, reserved 1048576K
}
Event: 129.831 GC heap after
{Heap after GC invocations=134 (full 3):
 PSYoungGen      total 17920K, used 1504K [0x00000000d5580000, 0x00000000d6900000, 0x0000000100000000)
  eden space 15872K, 0% used [0x00000000d5580000,0x00000000d5580000,0x00000000d6500000)
  from space 2048K, 73% used [0x00000000d6500000,0x00000000d6678000,0x00000000d6700000)
  to   space 2048K, 0% used [0x00000000d6700000,0x00000000d6700000,0x00000000d6900000)
 ParOldGen       total 122368K, used 122336K [0x0000000080000000, 0x0000000087780000, 0x00000000d5580000)
  object space 122368K, 99% used [0x0000000080000000,0x0000000087778230,0x0000000087780000)
 Metaspace       used 72918K, committed 74560K, reserved 1179648K
  class space    used 7796K, committed 8576K, reserved 1048576K
}
Event: 129.909 GC heap before
{Heap before GC invocations=135 (full 3):
 PSYoungGen      total 17920K, used 17376K [0x00000000d5580000, 0x00000000d6900000, 0x0000000100000000)
  eden space 15872K, 100% used [0x00000000d5580000,0x00000000d6500000,0x00000000d6500000)
  from space 2048K, 73% used [0x00000000d6500000,0x00000000d6678000,0x00000000d6700000)
  to   space 2048K, 0% used [0x00000000d6700000,0x00000000d6700000,0x00000000d6900000)
 ParOldGen       total 122368K, used 122336K [0x0000000080000000, 0x0000000087780000, 0x00000000d5580000)
  object space 122368K, 99% used [0x0000000080000000,0x0000000087778230,0x0000000087780000)
 Metaspace       used 72922K, committed 74560K, reserved 1179648K
  class space    used 7796K, committed 8576K, reserved 1048576K
}
Event: 129.912 GC heap after
{Heap after GC invocations=135 (full 3):
 PSYoungGen      total 17920K, used 1920K [0x00000000d5580000, 0x00000000d6900000, 0x0000000100000000)
  eden space 15872K, 0% used [0x00000000d5580000,0x00000000d5580000,0x00000000d6500000)
  from space 2048K, 93% used [0x00000000d6700000,0x00000000d68e0000,0x00000000d6900000)
  to   space 2048K, 0% used [0x00000000d6500000,0x00000000d6500000,0x00000000d6700000)
 ParOldGen       total 123904K, used 123733K [0x0000000080000000, 0x0000000087900000, 0x00000000d5580000)
  object space 123904K, 99% used [0x0000000080000000,0x00000000878d5638,0x0000000087900000)
 Metaspace       used 72922K, committed 74560K, reserved 1179648K
  class space    used 7796K, committed 8576K, reserved 1048576K
}
Event: 130.012 GC heap before
{Heap before GC invocations=136 (full 3):
 PSYoungGen      total 17920K, used 17792K [0x00000000d5580000, 0x00000000d6900000, 0x0000000100000000)
  eden space 15872K, 100% used [0x00000000d5580000,0x00000000d6500000,0x00000000d6500000)
  from space 2048K, 93% used [0x00000000d6700000,0x00000000d68e0000,0x00000000d6900000)
  to   space 2048K, 0% used [0x00000000d6500000,0x00000000d6500000,0x00000000d6700000)
 ParOldGen       total 123904K, used 123733K [0x0000000080000000, 0x0000000087900000, 0x00000000d5580000)
  object space 123904K, 99% used [0x0000000080000000,0x00000000878d5638,0x0000000087900000)
 Metaspace       used 72937K, committed 74624K, reserved 1179648K
  class space    used 7797K, committed 8576K, reserved 1048576K
}
Event: 130.016 GC heap after
{Heap after GC invocations=136 (full 3):
 PSYoungGen      total 17920K, used 1344K [0x00000000d5580000, 0x00000000d6900000, 0x0000000100000000)
  eden space 15872K, 0% used [0x00000000d5580000,0x00000000d5580000,0x00000000d6500000)
  from space 2048K, 65% used [0x00000000d6500000,0x00000000d6650000,0x00000000d6700000)
  to   space 2048K, 0% used [0x00000000d6700000,0x00000000d6700000,0x00000000d6900000)
 ParOldGen       total 124928K, used 124817K [0x0000000080000000, 0x0000000087a00000, 0x00000000d5580000)
  object space 124928K, 99% used [0x0000000080000000,0x00000000879e4648,0x0000000087a00000)
 Metaspace       used 72937K, committed 74624K, reserved 1179648K
  class space    used 7797K, committed 8576K, reserved 1048576K
}
Event: 130.059 GC heap before
{Heap before GC invocations=137 (full 3):
 PSYoungGen      total 17920K, used 17216K [0x00000000d5580000, 0x00000000d6900000, 0x0000000100000000)
  eden space 15872K, 100% used [0x00000000d5580000,0x00000000d6500000,0x00000000d6500000)
  from space 2048K, 65% used [0x00000000d6500000,0x00000000d6650000,0x00000000d6700000)
  to   space 2048K, 0% used [0x00000000d6700000,0x00000000d6700000,0x00000000d6900000)
 ParOldGen       total 124928K, used 124817K [0x0000000080000000, 0x0000000087a00000, 0x00000000d5580000)
  object space 124928K, 99% used [0x0000000080000000,0x00000000879e4648,0x0000000087a00000)
 Metaspace       used 72961K, committed 74624K, reserved 1179648K
  class space    used 7797K, committed 8576K, reserved 1048576K
}
Event: 130.061 GC heap after
{Heap after GC invocations=137 (full 3):
 PSYoungGen      total 17408K, used 1136K [0x00000000d5580000, 0x00000000d6880000, 0x0000000100000000)
  eden space 15872K, 0% used [0x00000000d5580000,0x00000000d5580000,0x00000000d6500000)
  from space 1536K, 73% used [0x00000000d6700000,0x00000000d681c010,0x00000000d6880000)
  to   space 1536K, 0% used [0x00000000d6580000,0x00000000d6580000,0x00000000d6700000)
 ParOldGen       total 125952K, used 125837K [0x0000000080000000, 0x0000000087b00000, 0x00000000d5580000)
  object space 125952K, 99% used [0x0000000080000000,0x0000000087ae3760,0x0000000087b00000)
 Metaspace       used 72961K, committed 74624K, reserved 1179648K
  class space    used 7797K, committed 8576K, reserved 1048576K
}
Event: 130.100 GC heap before
{Heap before GC invocations=138 (full 3):
 PSYoungGen      total 17408K, used 17008K [0x00000000d5580000, 0x00000000d6880000, 0x0000000100000000)
  eden space 15872K, 100% used [0x00000000d5580000,0x00000000d6500000,0x00000000d6500000)
  from space 1536K, 73% used [0x00000000d6700000,0x00000000d681c010,0x00000000d6880000)
  to   space 1536K, 0% used [0x00000000d6580000,0x00000000d6580000,0x00000000d6700000)
 ParOldGen       total 125952K, used 125837K [0x0000000080000000, 0x0000000087b00000, 0x00000000d5580000)
  object space 125952K, 99% used [0x0000000080000000,0x0000000087ae3760,0x0000000087b00000)
 Metaspace       used 72968K, committed 74624K, reserved 1179648K
  class space    used 7797K, committed 8576K, reserved 1048576K
}
Event: 130.102 GC heap after
{Heap after GC invocations=138 (full 3):
 PSYoungGen      total 16896K, used 896K [0x00000000d5580000, 0x00000000d6780000, 0x0000000100000000)
  eden space 15872K, 0% used [0x00000000d5580000,0x00000000d5580000,0x00000000d6500000)
  from space 1024K, 87% used [0x00000000d6580000,0x00000000d6660000,0x00000000d6680000)
  to   space 1024K, 0% used [0x00000000d6680000,0x00000000d6680000,0x00000000d6780000)
 ParOldGen       total 126976K, used 126485K [0x0000000080000000, 0x0000000087c00000, 0x00000000d5580000)
  object space 126976K, 99% used [0x0000000080000000,0x0000000087b85760,0x0000000087c00000)
 Metaspace       used 72968K, committed 74624K, reserved 1179648K
  class space    used 7797K, committed 8576K, reserved 1048576K
}
Event: 130.295 GC heap before
{Heap before GC invocations=139 (full 3):
 PSYoungGen      total 16896K, used 16763K [0x00000000d5580000, 0x00000000d6780000, 0x0000000100000000)
  eden space 15872K, 99% used [0x00000000d5580000,0x00000000d64fee98,0x00000000d6500000)
  from space 1024K, 87% used [0x00000000d6580000,0x00000000d6660000,0x00000000d6680000)
  to   space 1024K, 0% used [0x00000000d6680000,0x00000000d6680000,0x00000000d6780000)
 ParOldGen       total 126976K, used 126485K [0x0000000080000000, 0x0000000087c00000, 0x00000000d5580000)
  object space 126976K, 99% used [0x0000000080000000,0x0000000087b85760,0x0000000087c00000)
 Metaspace       used 72983K, committed 74624K, reserved 1179648K
  class space    used 7797K, committed 8576K, reserved 1048576K
}
Event: 130.299 GC heap after
{Heap after GC invocations=139 (full 3):
 PSYoungGen      total 13312K, used 1021K [0x00000000d5580000, 0x00000000d6f00000, 0x0000000100000000)
  eden space 12288K, 0% used [0x00000000d5580000,0x00000000d5580000,0x00000000d6180000)
  from space 1024K, 99% used [0x00000000d6680000,0x00000000d677f700,0x00000000d6780000)
  to   space 5120K, 0% used [0x00000000d6180000,0x00000000d6180000,0x00000000d6680000)
 ParOldGen       total 130048K, used 129800K [0x0000000080000000, 0x0000000087f00000, 0x00000000d5580000)
  object space 130048K, 99% used [0x0000000080000000,0x0000000087ec2350,0x0000000087f00000)
 Metaspace       used 72983K, committed 74624K, reserved 1179648K
  class space    used 7797K, committed 8576K, reserved 1048576K
}
Event: 514.505 GC heap before
{Heap before GC invocations=140 (full 3):
 PSYoungGen      total 13312K, used 13309K [0x00000000d5580000, 0x00000000d6f00000, 0x0000000100000000)
  eden space 12288K, 100% used [0x00000000d5580000,0x00000000d6180000,0x00000000d6180000)
  from space 1024K, 99% used [0x00000000d6680000,0x00000000d677f700,0x00000000d6780000)
  to   space 5120K, 0% used [0x00000000d6180000,0x00000000d6180000,0x00000000d6680000)
 ParOldGen       total 130048K, used 129800K [0x0000000080000000, 0x0000000087f00000, 0x00000000d5580000)
  object space 130048K, 99% used [0x0000000080000000,0x0000000087ec2350,0x0000000087f00000)
 Metaspace       used 73029K, committed 74688K, reserved 1179648K
  class space    used 7800K, committed 8576K, reserved 1048576K
}
Event: 514.508 GC heap after
{Heap after GC invocations=140 (full 3):
 PSYoungGen      total 12800K, used 384K [0x00000000d5580000, 0x00000000d6700000, 0x0000000100000000)
  eden space 12288K, 0% used [0x00000000d5580000,0x00000000d5580000,0x00000000d6180000)
  from space 512K, 75% used [0x00000000d6180000,0x00000000d61e0040,0x00000000d6200000)
  to   space 2048K, 0% used [0x00000000d6500000,0x00000000d6500000,0x00000000d6700000)
 ParOldGen       total 130560K, used 130068K [0x0000000080000000, 0x0000000087f80000, 0x00000000d5580000)
  object space 130560K, 99% used [0x0000000080000000,0x0000000087f05360,0x0000000087f80000)
 Metaspace       used 73029K, committed 74688K, reserved 1179648K
  class space    used 7800K, committed 8576K, reserved 1048576K
}

