# JRE version: OpenJDK Runtime Environment Temurin-21.0.8+9 (21.0.8+9) (build 21.0.8+9-LTS)
# Java VM: OpenJDK 64-Bit Server VM Temurin-21.0.8+9 (21.0.8+9-LTS, mixed mode, sharing, tiered, compressed oops, compressed class ptrs, parallel gc, windows-amd64)
GC Precious Log:
 CardTable entry size: 512
 CPUs: 8 total, 8 available
 Memory: 16243M
 Large Page Support: Disabled
 NUMA Support: Disabled
 Compressed Oops: Enabled (32-bit)
 Alignments: Space 512K, Generation 512K, Heap 2M
 Heap Min Capacity: 100M
 Heap Initial Capacity: 100M
 Heap Max Capacity: 2G
 Pre-touch: Disabled
 Parallel Workers: 8
Heap:
 PSYoungGen      total 2560K, used 807K [0x00000000d5580000, 0x00000000d5900000, 0x0000000100000000)
  eden space 1536K, 21% used [0x00000000d5580000,0x00000000d55d1dc0,0x00000000d5700000)
  from space 1024K, 46% used [0x00000000d5700000,0x00000000d5778000,0x00000000d5800000)
  to   space 1024K, 0% used [0x00000000d5800000,0x00000000d5800000,0x00000000d5900000)
 ParOldGen       total 467456K, used 467379K [0x0000000080000000, 0x000000009c880000, 0x00000000d5580000)
  object space 467456K, 99% used [0x0000000080000000,0x000000009c86cf50,0x000000009c880000)
 Metaspace       used 84364K, committed 86208K, reserved 1179648K
  class space    used 9115K, committed 9984K, reserved 1048576K
GC Heap History (20 events):
Event: 105.778 GC heap before
{Heap before GC invocations=871 (full 3):
 PSYoungGen      total 1536K, used 1056K [0x00000000d5580000, 0x00000000d5a80000, 0x0000000100000000)
  eden space 512K, 100% used [0x00000000d5580000,0x00000000d5600000,0x00000000d5600000)
  from space 1024K, 53% used [0x00000000d5600000,0x00000000d5688000,0x00000000d5700000)
  to   space 1536K, 0% used [0x00000000d5900000,0x00000000d5900000,0x00000000d5a80000)
 ParOldGen       total 458752K, used 458595K [0x0000000080000000, 0x000000009c000000, 0x00000000d5580000)
  object space 458752K, 99% used [0x0000000080000000,0x000000009bfd8c40,0x000000009c000000)
 Metaspace       used 84347K, committed 86208K, reserved 1179648K
  class space    used 9115K, committed 9984K, reserved 1048576K
}
Event: 105.781 GC heap after
{Heap after GC invocations=871 (full 3):
 PSYoungGen      total 1536K, used 448K [0x00000000d5580000, 0x00000000d5980000, 0x0000000100000000)
  eden space 1024K, 0% used [0x00000000d5580000,0x00000000d5580000,0x00000000d5680000)
  from space 512K, 87% used [0x00000000d5900000,0x00000000d5970000,0x00000000d5980000)
  to   space 1024K, 0% used [0x00000000d5780000,0x00000000d5780000,0x00000000d5880000)
 ParOldGen       total 459264K, used 459067K [0x0000000080000000, 0x000000009c080000, 0x00000000d5580000)
  object space 459264K, 99% used [0x0000000080000000,0x000000009c04ec40,0x000000009c080000)
 Metaspace       used 84347K, committed 86208K, reserved 1179648K
  class space    used 9115K, committed 9984K, reserved 1048576K
}
Event: 105.784 GC heap before
{Heap before GC invocations=872 (full 3):
 PSYoungGen      total 1536K, used 1472K [0x00000000d5580000, 0x00000000d5980000, 0x0000000100000000)
  eden space 1024K, 100% used [0x00000000d5580000,0x00000000d5680000,0x00000000d5680000)
  from space 512K, 87% used [0x00000000d5900000,0x00000000d5970000,0x00000000d5980000)
  to   space 1024K, 0% used [0x00000000d5780000,0x00000000d5780000,0x00000000d5880000)
 ParOldGen       total 459264K, used 459067K [0x0000000080000000, 0x000000009c080000, 0x00000000d5580000)
  object space 459264K, 99% used [0x0000000080000000,0x000000009c04ec40,0x000000009c080000)
 Metaspace       used 84348K, committed 86208K, reserved 1179648K
  class space    used 9115K, committed 9984K, reserved 1048576K
}
Event: 105.785 GC heap after
{Heap after GC invocations=872 (full 3):
 PSYoungGen      total 2560K, used 448K [0x00000000d5580000, 0x00000000d5980000, 0x0000000100000000)
  eden space 1536K, 0% used [0x00000000d5580000,0x00000000d5580000,0x00000000d5700000)
  from space 1024K, 43% used [0x00000000d5780000,0x00000000d57f0000,0x00000000d5880000)
  to   space 512K, 0% used [0x00000000d5900000,0x00000000d5900000,0x00000000d5980000)
 ParOldGen       total 459776K, used 459312K [0x0000000080000000, 0x000000009c100000, 0x00000000d5580000)
  object space 459776K, 99% used [0x0000000080000000,0x000000009c08c0c0,0x000000009c100000)
 Metaspace       used 84348K, committed 86208K, reserved 1179648K
  class space    used 9115K, committed 9984K, reserved 1048576K
}
Event: 105.793 GC heap before
{Heap before GC invocations=873 (full 3):
 PSYoungGen      total 2560K, used 1984K [0x00000000d5580000, 0x00000000d5980000, 0x0000000100000000)
  eden space 1536K, 100% used [0x00000000d5580000,0x00000000d5700000,0x00000000d5700000)
  from space 1024K, 43% used [0x00000000d5780000,0x00000000d57f0000,0x00000000d5880000)
  to   space 512K, 0% used [0x00000000d5900000,0x00000000d5900000,0x00000000d5980000)
 ParOldGen       total 459776K, used 459312K [0x0000000080000000, 0x000000009c100000, 0x00000000d5580000)
  object space 459776K, 99% used [0x0000000080000000,0x000000009c08c0c0,0x000000009c100000)
 Metaspace       used 84353K, committed 86208K, reserved 1179648K
  class space    used 9115K, committed 9984K, reserved 1048576K
}
Event: 105.794 GC heap after
{Heap after GC invocations=873 (full 3):
 PSYoungGen      total 2560K, used 487K [0x00000000d5580000, 0x00000000d5980000, 0x0000000100000000)
  eden space 2048K, 0% used [0x00000000d5580000,0x00000000d5580000,0x00000000d5780000)
  from space 512K, 95% used [0x00000000d5900000,0x00000000d5979e80,0x00000000d5980000)
  to   space 1024K, 0% used [0x00000000d5780000,0x00000000d5780000,0x00000000d5880000)
 ParOldGen       total 459776K, used 459655K [0x0000000080000000, 0x000000009c100000, 0x00000000d5580000)
  object space 459776K, 99% used [0x0000000080000000,0x000000009c0e1f50,0x000000009c100000)
 Metaspace       used 84353K, committed 86208K, reserved 1179648K
  class space    used 9115K, committed 9984K, reserved 1048576K
}
Event: 105.798 GC heap before
{Heap before GC invocations=874 (full 3):
 PSYoungGen      total 2560K, used 2535K [0x00000000d5580000, 0x00000000d5980000, 0x0000000100000000)
  eden space 2048K, 99% used [0x00000000d5580000,0x00000000d577fff0,0x00000000d5780000)
  from space 512K, 95% used [0x00000000d5900000,0x00000000d5979e80,0x00000000d5980000)
  to   space 1024K, 0% used [0x00000000d5780000,0x00000000d5780000,0x00000000d5880000)
 ParOldGen       total 459776K, used 459655K [0x0000000080000000, 0x000000009c100000, 0x00000000d5580000)
  object space 459776K, 99% used [0x0000000080000000,0x000000009c0e1f50,0x000000009c100000)
 Metaspace       used 84353K, committed 86208K, reserved 1179648K
  class space    used 9115K, committed 9984K, reserved 1048576K
}
Event: 105.801 GC heap after
{Heap after GC invocations=874 (full 3):
 PSYoungGen      total 3072K, used 1024K [0x00000000d5580000, 0x00000000d5d00000, 0x0000000100000000)
  eden space 2048K, 0% used [0x00000000d5580000,0x00000000d5580000,0x00000000d5780000)
  from space 1024K, 100% used [0x00000000d5780000,0x00000000d5880000,0x00000000d5880000)
  to   space 2560K, 0% used [0x00000000d5a80000,0x00000000d5a80000,0x00000000d5d00000)
 ParOldGen       total 461312K, used 460855K [0x0000000080000000, 0x000000009c280000, 0x00000000d5580000)
  object space 461312K, 99% used [0x0000000080000000,0x000000009c20ddd0,0x000000009c280000)
 Metaspace       used 84353K, committed 86208K, reserved 1179648K
  class space    used 9115K, committed 9984K, reserved 1048576K
}
Event: 105.806 GC heap before
{Heap before GC invocations=875 (full 3):
 PSYoungGen      total 3072K, used 3072K [0x00000000d5580000, 0x00000000d5d00000, 0x0000000100000000)
  eden space 2048K, 100% used [0x00000000d5580000,0x00000000d5780000,0x00000000d5780000)
  from space 1024K, 100% used [0x00000000d5780000,0x00000000d5880000,0x00000000d5880000)
  to   space 2560K, 0% used [0x00000000d5a80000,0x00000000d5a80000,0x00000000d5d00000)
 ParOldGen       total 461312K, used 460855K [0x0000000080000000, 0x000000009c280000, 0x00000000d5580000)
  object space 461312K, 99% used [0x0000000080000000,0x000000009c20ddd0,0x000000009c280000)
 Metaspace       used 84353K, committed 86208K, reserved 1179648K
  class space    used 9115K, committed 9984K, reserved 1048576K
}
Event: 105.808 GC heap after
{Heap after GC invocations=875 (full 3):
 PSYoungGen      total 4608K, used 1792K [0x00000000d5580000, 0x00000000d5c80000, 0x0000000100000000)
  eden space 2560K, 0% used [0x00000000d5580000,0x00000000d5580000,0x00000000d5800000)
  from space 2048K, 87% used [0x00000000d5a80000,0x00000000d5c40000,0x00000000d5c80000)
  to   space 2048K, 0% used [0x00000000d5880000,0x00000000d5880000,0x00000000d5a80000)
 ParOldGen       total 462336K, used 461919K [0x0000000080000000, 0x000000009c380000, 0x00000000d5580000)
  object space 462336K, 99% used [0x0000000080000000,0x000000009c317dd0,0x000000009c380000)
 Metaspace       used 84353K, committed 86208K, reserved 1179648K
  class space    used 9115K, committed 9984K, reserved 1048576K
}
Event: 105.816 GC heap before
{Heap before GC invocations=876 (full 3):
 PSYoungGen      total 4608K, used 4351K [0x00000000d5580000, 0x00000000d5c80000, 0x0000000100000000)
  eden space 2560K, 99% used [0x00000000d5580000,0x00000000d57fff80,0x00000000d5800000)
  from space 2048K, 87% used [0x00000000d5a80000,0x00000000d5c40000,0x00000000d5c80000)
  to   space 2048K, 0% used [0x00000000d5880000,0x00000000d5880000,0x00000000d5a80000)
 ParOldGen       total 462336K, used 461919K [0x0000000080000000, 0x000000009c380000, 0x00000000d5580000)
  object space 462336K, 99% used [0x0000000080000000,0x000000009c317dd0,0x000000009c380000)
 Metaspace       used 84353K, committed 86208K, reserved 1179648K
  class space    used 9115K, committed 9984K, reserved 1048576K
}
Event: 105.818 GC heap after
{Heap after GC invocations=876 (full 3):
 PSYoungGen      total 4096K, used 911K [0x00000000d5580000, 0x00000000d5b80000, 0x0000000100000000)
  eden space 3072K, 0% used [0x00000000d5580000,0x00000000d5580000,0x00000000d5880000)
  from space 1024K, 88% used [0x00000000d5880000,0x00000000d5963d00,0x00000000d5980000)
  to   space 1536K, 0% used [0x00000000d5a00000,0x00000000d5a00000,0x00000000d5b80000)
 ParOldGen       total 463872K, used 463527K [0x0000000080000000, 0x000000009c500000, 0x00000000d5580000)
  object space 463872K, 99% used [0x0000000080000000,0x000000009c4a9dd0,0x000000009c500000)
 Metaspace       used 84353K, committed 86208K, reserved 1179648K
  class space    used 9115K, committed 9984K, reserved 1048576K
}
Event: 105.824 GC heap before
{Heap before GC invocations=877 (full 3):
 PSYoungGen      total 4096K, used 3983K [0x00000000d5580000, 0x00000000d5b80000, 0x0000000100000000)
  eden space 3072K, 100% used [0x00000000d5580000,0x00000000d5880000,0x00000000d5880000)
  from space 1024K, 88% used [0x00000000d5880000,0x00000000d5963d00,0x00000000d5980000)
  to   space 1536K, 0% used [0x00000000d5a00000,0x00000000d5a00000,0x00000000d5b80000)
 ParOldGen       total 463872K, used 463527K [0x0000000080000000, 0x000000009c500000, 0x00000000d5580000)
  object space 463872K, 99% used [0x0000000080000000,0x000000009c4a9dd0,0x000000009c500000)
 Metaspace       used 84353K, committed 86208K, reserved 1179648K
  class space    used 9115K, committed 9984K, reserved 1048576K
}
Event: 105.826 GC heap after
{Heap after GC invocations=877 (full 3):
 PSYoungGen      total 2048K, used 1536K [0x00000000d5580000, 0x00000000d6280000, 0x0000000100000000)
  eden space 512K, 0% used [0x00000000d5580000,0x00000000d5580000,0x00000000d5600000)
  from space 1536K, 100% used [0x00000000d5a00000,0x00000000d5b80000,0x00000000d5b80000)
  to   space 4096K, 0% used [0x00000000d5600000,0x00000000d5600000,0x00000000d5a00000)
 ParOldGen       total 465920K, used 465678K [0x0000000080000000, 0x000000009c700000, 0x00000000d5580000)
  object space 465920K, 99% used [0x0000000080000000,0x000000009c6c3ad0,0x000000009c700000)
 Metaspace       used 84353K, committed 86208K, reserved 1179648K
  class space    used 9115K, committed 9984K, reserved 1048576K
}
Event: 105.829 GC heap before
{Heap before GC invocations=878 (full 3):
 PSYoungGen      total 2048K, used 2048K [0x00000000d5580000, 0x00000000d6280000, 0x0000000100000000)
  eden space 512K, 100% used [0x00000000d5580000,0x00000000d5600000,0x00000000d5600000)
  from space 1536K, 100% used [0x00000000d5a00000,0x00000000d5b80000,0x00000000d5b80000)
  to   space 4096K, 0% used [0x00000000d5600000,0x00000000d5600000,0x00000000d5a00000)
 ParOldGen       total 465920K, used 465678K [0x0000000080000000, 0x000000009c700000, 0x00000000d5580000)
  object space 465920K, 99% used [0x0000000080000000,0x000000009c6c3ad0,0x000000009c700000)
 Metaspace       used 84353K, committed 86208K, reserved 1179648K
  class space    used 9115K, committed 9984K, reserved 1048576K
}
Event: 105.832 GC heap after
{Heap after GC invocations=878 (full 3):
 PSYoungGen      total 1024K, used 320K [0x00000000d5580000, 0x00000000d5a80000, 0x0000000100000000)
  eden space 512K, 0% used [0x00000000d5580000,0x00000000d5580000,0x00000000d5600000)
  from space 512K, 62% used [0x00000000d5600000,0x00000000d5650000,0x00000000d5680000)
  to   space 2048K, 0% used [0x00000000d5880000,0x00000000d5880000,0x00000000d5a80000)
 ParOldGen       total 467456K, used 467254K [0x0000000080000000, 0x000000009c880000, 0x00000000d5580000)
  object space 467456K, 99% used [0x0000000080000000,0x000000009c84dad0,0x000000009c880000)
 Metaspace       used 84353K, committed 86208K, reserved 1179648K
  class space    used 9115K, committed 9984K, reserved 1048576K
}
Event: 105.833 GC heap before
{Heap before GC invocations=879 (full 3):
 PSYoungGen      total 1024K, used 832K [0x00000000d5580000, 0x00000000d5a80000, 0x0000000100000000)
  eden space 512K, 100% used [0x00000000d5580000,0x00000000d5600000,0x00000000d5600000)
  from space 512K, 62% used [0x00000000d5600000,0x00000000d5650000,0x00000000d5680000)
  to   space 2048K, 0% used [0x00000000d5880000,0x00000000d5880000,0x00000000d5a80000)
 ParOldGen       total 467456K, used 467254K [0x0000000080000000, 0x000000009c880000, 0x00000000d5580000)
  object space 467456K, 99% used [0x0000000080000000,0x000000009c84dad0,0x000000009c880000)
 Metaspace       used 84353K, committed 86208K, reserved 1179648K
  class space    used 9115K, committed 9984K, reserved 1048576K
}
Event: 105.834 GC heap after
{Heap after GC invocations=879 (full 3):
 PSYoungGen      total 1536K, used 320K [0x00000000d5580000, 0x00000000d5900000, 0x0000000100000000)
  eden space 1024K, 0% used [0x00000000d5580000,0x00000000d5580000,0x00000000d5680000)
  from space 512K, 62% used [0x00000000d5880000,0x00000000d58d0000,0x00000000d5900000)
  to   space 1024K, 0% used [0x00000000d5700000,0x00000000d5700000,0x00000000d5800000)
 ParOldGen       total 467456K, used 467339K [0x0000000080000000, 0x000000009c880000, 0x00000000d5580000)
  object space 467456K, 99% used [0x0000000080000000,0x000000009c862f50,0x000000009c880000)
 Metaspace       used 84353K, committed 86208K, reserved 1179648K
  class space    used 9115K, committed 9984K, reserved 1048576K
}
Event: 105.847 GC heap before
{Heap before GC invocations=880 (full 3):
 PSYoungGen      total 1536K, used 1333K [0x00000000d5580000, 0x00000000d5900000, 0x0000000100000000)
  eden space 1024K, 98% used [0x00000000d5580000,0x00000000d567d448,0x00000000d5680000)
  from space 512K, 62% used [0x00000000d5880000,0x00000000d58d0000,0x00000000d5900000)
  to   space 1024K, 0% used [0x00000000d5700000,0x00000000d5700000,0x00000000d5800000)
 ParOldGen       total 467456K, used 467339K [0x0000000080000000, 0x000000009c880000, 0x00000000d5580000)
  object space 467456K, 99% used [0x0000000080000000,0x000000009c862f50,0x000000009c880000)
 Metaspace       used 84354K, committed 86208K, reserved 1179648K
  class space    used 9115K, committed 9984K, reserved 1048576K
}
Event: 105.848 GC heap after
{Heap after GC invocations=880 (full 3):
 PSYoungGen      total 2560K, used 480K [0x00000000d5580000, 0x00000000d5900000, 0x0000000100000000)
  eden space 1536K, 0% used [0x00000000d5580000,0x00000000d5580000,0x00000000d5700000)
  from space 1024K, 46% used [0x00000000d5700000,0x00000000d5778000,0x00000000d5800000)
  to   space 1024K, 0% used [0x00000000d5800000,0x00000000d5800000,0x00000000d5900000)
 ParOldGen       total 467456K, used 467379K [0x0000000080000000, 0x000000009c880000, 0x00000000d5580000)
  object space 467456K, 99% used [0x0000000080000000,0x000000009c86cf50,0x000000009c880000)
 Metaspace       used 84354K, committed 86208K, reserved 1179648K
  class space    used 9115K, committed 9984K, reserved 1048576K
}

